2024-11-17 11:25:31 INFO  com.mvg.tourism.TourismApplication - Starting TourismApplication using Java 23.0.1 with PID 4300 (F:\Personal_Projects\Tourism\BackEnd\tourism\target\classes started by user in F:\Personal_Projects\Tourism\BackEnd\tourism)
2024-11-17 11:25:31 INFO  com.mvg.tourism.TourismApplication - No active profile set, falling back to 1 default profile: "default"
2024-11-17 11:25:32 INFO  o.s.d.r.c.RepositoryConfigurationDelegate - Multiple Spring Data modules found, entering strict repository configuration mode
2024-11-17 11:25:32 INFO  o.s.d.r.c.RepositoryConfigurationDelegate - Bootstrapping Spring Data JDBC repositories in DEFAULT mode.
2024-11-17 11:25:32 INFO  o.s.d.r.c.RepositoryConfigurationDelegate - Finished Spring Data repository scanning in 22 ms. Found 0 JDBC repository interfaces.
2024-11-17 11:25:32 INFO  o.s.d.r.c.RepositoryConfigurationDelegate - Multiple Spring Data modules found, entering strict repository configuration mode
2024-11-17 11:25:32 INFO  o.s.d.r.c.RepositoryConfigurationDelegate - Bootstrapping Spring Data JPA repositories in DEFAULT mode.
2024-11-17 11:25:32 INFO  o.s.d.r.c.RepositoryConfigurationDelegate - Finished Spring Data repository scanning in 6 ms. Found 0 JPA repository interfaces.
2024-11-17 11:25:33 INFO  o.s.b.w.e.tomcat.TomcatWebServer - Tomcat initialized with port 8080 (http)
2024-11-17 11:25:33 INFO  o.a.catalina.core.StandardService - Starting service [Tomcat]
2024-11-17 11:25:33 INFO  o.a.catalina.core.StandardEngine - Starting Servlet engine: [Apache Tomcat/10.1.31]
2024-11-17 11:25:33 INFO  o.a.c.c.C.[Tomcat].[localhost].[/] - Initializing Spring embedded WebApplicationContext
2024-11-17 11:25:33 INFO  o.s.b.w.s.c.ServletWebServerApplicationContext - Root WebApplicationContext: initialization completed in 2019 ms
2024-11-17 11:25:33 INFO  o.h.jpa.internal.util.LogHelper - HHH000204: Processing PersistenceUnitInfo [name: default]
2024-11-17 11:25:33 INFO  org.hibernate.Version - HHH000412: Hibernate ORM core version 6.5.3.Final
2024-11-17 11:25:33 INFO  o.h.c.i.RegionFactoryInitiator - HHH000026: Second-level cache disabled
2024-11-17 11:25:34 INFO  o.s.o.j.p.SpringPersistenceUnitInfo - No LoadTimeWeaver setup: ignoring JPA class transformer
2024-11-17 11:25:34 INFO  com.zaxxer.hikari.HikariDataSource - HikariPool-1 - Starting...
2024-11-17 11:25:34 INFO  com.zaxxer.hikari.pool.HikariPool - HikariPool-1 - Added connection org.postgresql.jdbc.PgConnection@be6d228
2024-11-17 11:25:34 INFO  com.zaxxer.hikari.HikariDataSource - HikariPool-1 - Start completed.
2024-11-17 11:25:34 WARN  org.hibernate.orm.deprecation - HHH90000025: PostgreSQLDialect does not need to be specified explicitly using 'hibernate.dialect' (remove the property setting and it will be selected by default)
2024-11-17 11:25:35 INFO  o.h.e.t.j.p.i.JtaPlatformInitiator - HHH000489: No JTA platform available (set 'hibernate.transaction.jta.platform' to enable JTA platform integration)
2024-11-17 11:25:35 INFO  o.s.o.j.LocalContainerEntityManagerFactoryBean - Initialized JPA EntityManagerFactory for persistence unit 'default'
2024-11-17 11:25:35 WARN  o.s.b.a.o.j.JpaBaseConfiguration$JpaWebConfiguration - spring.jpa.open-in-view is enabled by default. Therefore, database queries may be performed during view rendering. Explicitly configure spring.jpa.open-in-view to disable this warning
2024-11-17 11:25:35 DEBUG o.s.w.s.m.m.a.RequestMappingHandlerMapping - 3 mappings in 'requestMappingHandlerMapping'
2024-11-17 11:25:36 DEBUG o.s.w.s.h.SimpleUrlHandlerMapping - Patterns [/webjars/**, /**] in 'resourceHandlerMapping'
2024-11-17 11:25:36 DEBUG o.s.w.s.m.m.a.RequestMappingHandlerAdapter - ControllerAdvice beans: 0 @ModelAttribute, 0 @InitBinder, 1 RequestBodyAdvice, 1 ResponseBodyAdvice
2024-11-17 11:25:36 DEBUG o.s.w.s.m.m.a.ExceptionHandlerExceptionResolver - ControllerAdvice beans: 0 @ExceptionHandler, 1 ResponseBodyAdvice
2024-11-17 11:25:36 INFO  o.s.b.w.e.tomcat.TomcatWebServer - Tomcat started on port 8080 (http) with context path '/'
2024-11-17 11:25:36 INFO  com.mvg.tourism.TourismApplication - Started TourismApplication in 6.271 seconds (process running for 7.59)
2024-11-17 11:25:48 INFO  o.a.c.c.C.[Tomcat].[localhost].[/] - Initializing Spring DispatcherServlet 'dispatcherServlet'
2024-11-17 11:25:48 INFO  o.s.web.servlet.DispatcherServlet - Initializing Servlet 'dispatcherServlet'
2024-11-17 11:25:48 DEBUG o.s.web.servlet.DispatcherServlet - Detected StandardServletMultipartResolver
2024-11-17 11:25:48 DEBUG o.s.web.servlet.DispatcherServlet - Detected AcceptHeaderLocaleResolver
2024-11-17 11:25:48 DEBUG o.s.web.servlet.DispatcherServlet - Detected FixedThemeResolver
2024-11-17 11:25:48 DEBUG o.s.web.servlet.DispatcherServlet - Detected org.springframework.web.servlet.view.DefaultRequestToViewNameTranslator@4df13dd0
2024-11-17 11:25:48 DEBUG o.s.web.servlet.DispatcherServlet - Detected org.springframework.web.servlet.support.SessionFlashMapManager@7598d675
2024-11-17 11:25:48 DEBUG o.s.web.servlet.DispatcherServlet - enableLoggingRequestDetails='false': request parameters and headers will be masked to prevent unsafe logging of potentially sensitive data
2024-11-17 11:25:48 INFO  o.s.web.servlet.DispatcherServlet - Completed initialization in 19 ms
2024-11-17 11:25:48 DEBUG o.s.web.servlet.DispatcherServlet - GET "/login", parameters={}
2024-11-17 11:25:48 DEBUG o.s.w.s.m.m.a.RequestMappingHandlerMapping - Mapped to com.mvg.tourism.controller.TourismController#getLoginCredentials()
2024-11-17 11:25:48 INFO  c.m.t.controller.TourismController - Info level log
2024-11-17 11:25:48 DEBUG o.s.w.s.m.m.a.RequestResponseBodyMethodProcessor - Using 'text/plain', given [*/*] and supported [text/plain, */*, application/json, application/*+json]
2024-11-17 11:25:48 DEBUG o.s.w.s.m.m.a.RequestResponseBodyMethodProcessor - Writing ["HelloWorld"]
2024-11-17 11:25:48 DEBUG o.s.web.servlet.DispatcherServlet - Completed 200 OK
2024-11-17 11:51:42 INFO  o.s.b.a.SpringApplicationAdminMXBeanRegistrar$SpringApplicationAdmin - Application shutdown requested.
2024-11-17 11:51:43 INFO  o.s.o.j.LocalContainerEntityManagerFactoryBean - Closing JPA EntityManagerFactory for persistence unit 'default'
2024-11-17 11:51:43 INFO  com.zaxxer.hikari.HikariDataSource - HikariPool-1 - Shutdown initiated...
2024-11-17 11:51:43 INFO  com.zaxxer.hikari.HikariDataSource - HikariPool-1 - Shutdown completed.
